<?xml version="1.0" encoding="UTF-8"?>
<!-- Generated by org.testng.reporters.JUnitXMLReporter -->
<testsuite ignored="2" hostname="LAPTOP-QPIQKOPD" failures="0" tests="2" name="Test" time="0.08" errors="0" timestamp="2021-10-31T21:32:18 IST">
  <testcase classname="TestNGsProgram.Group1" name="sample1" time="0.014"/>
  <testcase classname="TestNGsProgram.Group2" name="sample3" time="0.006"/>
  <testcase classname="TestNGsProgram.Group1" name="sample" time="0.0">
    <ignored/>
  </testcase> <!-- sample -->
  <testcase classname="TestNGsProgram.Group2" name="sample4" time="0.0">
    <ignored/>
  </testcase> <!-- sample4 -->
</testsuite> <!-- Test -->
